<?xml version="1.0" encoding="UTF-8"?>
<testng-results ignored="0" total="1" passed="1" failed="0" skipped="0">
  <reporter-output>
    <line>
      <![CDATA[hello selenium]]>
    </line>
  </reporter-output>
  <suite started-at="2022-08-27T15:39:48 IST" name="Suite" finished-at="2022-08-27T15:39:48 IST" duration-ms="39">
    <groups>
    </groups>
    <test started-at="2022-08-27T15:39:48 IST" name="Test" finished-at="2022-08-27T15:39:48 IST" duration-ms="39">
      <class name="scripts.Test0">
        <test-method signature="demo()[pri:0, instance:scripts.Test0@19d481b]" started-at="2022-08-27T15:39:48 IST" name="demo" finished-at="2022-08-27T15:39:48 IST" duration-ms="8" status="PASS">
          <reporter-output>
            <line>
              <![CDATA[hello selenium]]>
            </line>
          </reporter-output>
        </test-method> <!-- demo -->
      </class> <!-- scripts.Test0 -->
    </test> <!-- Test -->
  </suite> <!-- Suite -->
</testng-results>
